<?xml version="1.0" encoding="UTF-8" ?>
<testsuite failures="0" time="35.864" errors="0" skipped="0" tests="28" name="TestSuite">
  <properties>
    <property name="java.runtime.name" value="Java(TM) SE Runtime Environment"/>
    <property name="sun.boot.library.path" value="/home/milinda/Java/jdk1.6.0_22/jre/lib/amd64"/>
    <property name="java.vm.version" value="17.1-b03"/>
    <property name="java.vm.vendor" value="Sun Microsystems Inc."/>
    <property name="java.vendor.url" value="http://java.sun.com/"/>
    <property name="path.separator" value=":"/>
    <property name="guice.disable.misplaced.annotation.check" value="true"/>
    <property name="java.vm.name" value="Java HotSpot(TM) 64-Bit Server VM"/>
    <property name="file.encoding.pkg" value="sun.io"/>
    <property name="user.country" value="US"/>
    <property name="sun.java.launcher" value="SUN_STANDARD"/>
    <property name="sun.os.patch.level" value="unknown"/>
    <property name="java.vm.specification.name" value="Java Virtual Machine Specification"/>
    <property name="user.dir" value="/home/milinda/WSO2/Training/Project2/gitRepo/esb-connectors/tumblr/tumblr-connector/tumblr-connector-1.0.0"/>
    <property name="java.runtime.version" value="1.6.0_22-b04"/>
    <property name="java.awt.graphicsenv" value="sun.awt.X11GraphicsEnvironment"/>
    <property name="java.endorsed.dirs" value="/home/milinda/Java/jdk1.6.0_22/jre/lib/endorsed"/>
    <property name="os.arch" value="amd64"/>
    <property name="java.io.tmpdir" value="/tmp"/>
    <property name="line.separator" value="
"/>
    <property name="java.vm.specification.vendor" value="Sun Microsystems Inc."/>
    <property name="os.name" value="Linux"/>
    <property name="classworlds.conf" value="/home/milinda/Maven/apache-maven-3.2.1/bin/m2.conf"/>
    <property name="sun.jnu.encoding" value="UTF-8"/>
    <property name="java.library.path" value="/home/milinda/Java/jdk1.6.0_22/jre/lib/amd64/server:/home/milinda/Java/jdk1.6.0_22/jre/lib/amd64:/home/milinda/Java/jdk1.6.0_22/jre/../lib/amd64:/usr/java/packages/lib/amd64:/usr/lib64:/lib64:/lib:/usr/lib"/>
    <property name="java.specification.name" value="Java Platform API Specification"/>
    <property name="java.class.version" value="50.0"/>
    <property name="sun.management.compiler" value="HotSpot 64-Bit Server Compiler"/>
    <property name="os.version" value="3.11.0-24-generic"/>
    <property name="user.home" value="/home/milinda"/>
    <property name="user.timezone" value="Asia/Colombo"/>
    <property name="java.awt.printerjob" value="sun.print.PSPrinterJob"/>
    <property name="file.encoding" value="UTF-8"/>
    <property name="java.specification.version" value="1.6"/>
    <property name="user.name" value="milinda"/>
    <property name="java.class.path" value="/home/milinda/Maven/apache-maven-3.2.1/boot/plexus-classworlds-2.5.1.jar"/>
    <property name="org.slf4j.simpleLogger.defaultLogLevel" value="info"/>
    <property name="java.vm.specification.version" value="1.0"/>
    <property name="sun.arch.data.model" value="64"/>
    <property name="java.home" value="/home/milinda/Java/jdk1.6.0_22/jre"/>
    <property name="java.specification.vendor" value="Sun Microsystems Inc."/>
    <property name="user.language" value="en"/>
    <property name="java.vm.info" value="mixed mode"/>
    <property name="java.version" value="1.6.0_22"/>
    <property name="java.ext.dirs" value="/home/milinda/Java/jdk1.6.0_22/jre/lib/ext:/usr/java/packages/lib/ext"/>
    <property name="securerandom.source" value="file:/dev/./urandom"/>
    <property name="sun.boot.class.path" value="/home/milinda/Java/jdk1.6.0_22/jre/lib/resources.jar:/home/milinda/Java/jdk1.6.0_22/jre/lib/rt.jar:/home/milinda/Java/jdk1.6.0_22/jre/lib/sunrsasign.jar:/home/milinda/Java/jdk1.6.0_22/jre/lib/jsse.jar:/home/milinda/Java/jdk1.6.0_22/jre/lib/jce.jar:/home/milinda/Java/jdk1.6.0_22/jre/lib/charsets.jar:/home/milinda/Java/jdk1.6.0_22/jre/classes"/>
    <property name="java.vendor" value="Sun Microsystems Inc."/>
    <property name="maven.home" value="/home/milinda/Maven/apache-maven-3.2.1"/>
    <property name="file.separator" value="/"/>
    <property name="java.vendor.url.bug" value="http://java.sun.com/cgi-bin/bugreport.cgi"/>
    <property name="sun.cpu.endian" value="little"/>
    <property name="sun.io.unicode.encoding" value="UnicodeLittle"/>
    <property name="sun.desktop" value="gnome"/>
    <property name="sun.cpu.isalist" value=""/>
  </properties>
  <testcase time="1.438" classname="org.wso2.carbon.connector.integration.test.tumblr.TumblrConnectoreIntegrationTest" name="testTumblrCreateTextPost"/>
  <testcase time="1.265" classname="org.wso2.carbon.connector.integration.test.tumblr.TumblrConnectoreIntegrationTest" name="testTumblrEditTextPost"/>
  <testcase time="0.892" classname="org.wso2.carbon.connector.integration.test.tumblr.TumblrConnectoreIntegrationTest" name="testTumblrGetAvatar"/>
  <testcase time="1.05" classname="org.wso2.carbon.connector.integration.test.tumblr.TumblrConnectoreIntegrationTest" name="testTumblrGetBlogInfo"/>
  <testcase time="1.237" classname="org.wso2.carbon.connector.integration.test.tumblr.TumblrConnectoreIntegrationTest" name="testTumblrGetBlogLikes"/>
  <testcase time="1.443" classname="org.wso2.carbon.connector.integration.test.tumblr.TumblrConnectoreIntegrationTest" name="testTumblrGetDraftedPosts"/>
  <testcase time="2.235" classname="org.wso2.carbon.connector.integration.test.tumblr.TumblrConnectoreIntegrationTest" name="testTumblrGetFollowers"/>
  <testcase time="1.285" classname="org.wso2.carbon.connector.integration.test.tumblr.TumblrConnectoreIntegrationTest" name="testTumblrGetPosts"/>
  <testcase time="1.067" classname="org.wso2.carbon.connector.integration.test.tumblr.TumblrConnectoreIntegrationTest" name="testTumblrGetQueuedPosts"/>
  <testcase time="1.791" classname="org.wso2.carbon.connector.integration.test.tumblr.TumblrConnectoreIntegrationTest" name="testTumblrReblogTextPost"/>
  <testcase time="1.088" classname="org.wso2.carbon.connector.integration.test.tumblr.TumblrConnectoreIntegrationTest" name="testTumblrDeletePost"/>
  <testcase time="1.1" classname="org.wso2.carbon.connector.integration.test.tumblr.TumblrConnectoreIntegrationTest" name="testTumblrFollow"/>
  <testcase time="1.144" classname="org.wso2.carbon.connector.integration.test.tumblr.TumblrConnectoreIntegrationTest" name="testTumblrGetFollowing"/>
  <testcase time="1.09" classname="org.wso2.carbon.connector.integration.test.tumblr.TumblrConnectoreIntegrationTest" name="testTumblrGetLikes"/>
  <testcase time="3.054" classname="org.wso2.carbon.connector.integration.test.tumblr.TumblrConnectoreIntegrationTest" name="testTumblrGetUserDashboard"/>
  <testcase time="1.077" classname="org.wso2.carbon.connector.integration.test.tumblr.TumblrConnectoreIntegrationTest" name="testTumblrGetUserInfo"/>
  <testcase time="1.077" classname="org.wso2.carbon.connector.integration.test.tumblr.TumblrConnectoreIntegrationTest" name="testTumblrLike"/>
  <testcase time="1.076" classname="org.wso2.carbon.connector.integration.test.tumblr.TumblrConnectoreIntegrationTest" name="testTumblrUnFollow"/>
  <testcase time="1.079" classname="org.wso2.carbon.connector.integration.test.tumblr.TumblrConnectoreIntegrationTest" name="testTumblrUnLike"/>
  <testcase time="1.771" classname="org.wso2.carbon.connector.integration.test.tumblr.TumblrConnectoreIntegrationTest" name="testTumblrGetTaggedPosts"/>
  <testcase time="1.11" classname="org.wso2.carbon.connector.integration.test.tumblr.TumblrConnectoreIntegrationTest" name="NegativeTestTumblrCreateTextPost"/>
  <testcase time="1.037" classname="org.wso2.carbon.connector.integration.test.tumblr.TumblrConnectoreIntegrationTest" name="NegativeTestTumblrGetAvatar"/>
  <testcase time="1.041" classname="org.wso2.carbon.connector.integration.test.tumblr.TumblrConnectoreIntegrationTest" name="NegativeTestTumblrGetBlogInfo"/>
  <testcase time="1.194" classname="org.wso2.carbon.connector.integration.test.tumblr.TumblrConnectoreIntegrationTest" name="NegativeTestTumblrGetDraftedPosts"/>
  <testcase time="1.026" classname="org.wso2.carbon.connector.integration.test.tumblr.TumblrConnectoreIntegrationTest" name="NegativeTestTumblrGetFollowers"/>
  <testcase time="1.094" classname="org.wso2.carbon.connector.integration.test.tumblr.TumblrConnectoreIntegrationTest" name="NegativeTestTumblrGetPosts"/>
  <testcase time="1.063" classname="org.wso2.carbon.connector.integration.test.tumblr.TumblrConnectoreIntegrationTest" name="NegativeTestTumblrGetQueuedPosts"/>
  <testcase time="1.04" classname="org.wso2.carbon.connector.integration.test.tumblr.TumblrConnectoreIntegrationTest" name="NegativeTestTumblrEditTextPost"/>
</testsuite>