<?xml version="1.0" encoding="UTF-8"?>
<!-- Generated by org.testng.reporters.JUnitReportReporter -->
<testsuite hostname="milinda-ThinkPad-T540p" name="org.wso2.carbon.connector.integration.test.tumblr.TumblrConnectoreIntegrationTest" tests="28" failures="0" timestamp="8 Jul 2014 11:21:15 GMT" time="35.866" errors="0">
  <testcase name="NegativeTestTumblrGetQueuedPosts" time="1.063" classname="org.wso2.carbon.connector.integration.test.tumblr.TumblrConnectoreIntegrationTest"/>
  <testcase name="testTumblrFollow" time="1.101" classname="org.wso2.carbon.connector.integration.test.tumblr.TumblrConnectoreIntegrationTest"/>
  <testcase name="NegativeTestTumblrGetBlogInfo" time="1.041" classname="org.wso2.carbon.connector.integration.test.tumblr.TumblrConnectoreIntegrationTest"/>
  <testcase name="testTumblrLike" time="1.077" classname="org.wso2.carbon.connector.integration.test.tumblr.TumblrConnectoreIntegrationTest"/>
  <testcase name="testTumblrUnLike" time="1.080" classname="org.wso2.carbon.connector.integration.test.tumblr.TumblrConnectoreIntegrationTest"/>
  <testcase name="testTumblrCreateTextPost" time="1.435" classname="org.wso2.carbon.connector.integration.test.tumblr.TumblrConnectoreIntegrationTest"/>
  <testcase name="NegativeTestTumblrGetDraftedPosts" time="1.195" classname="org.wso2.carbon.connector.integration.test.tumblr.TumblrConnectoreIntegrationTest"/>
  <testcase name="testTumblrDeletePost" time="1.087" classname="org.wso2.carbon.connector.integration.test.tumblr.TumblrConnectoreIntegrationTest"/>
  <testcase name="NegativeTestTumblrGetPosts" time="1.094" classname="org.wso2.carbon.connector.integration.test.tumblr.TumblrConnectoreIntegrationTest"/>
  <testcase name="testTumblrGetUserInfo" time="1.077" classname="org.wso2.carbon.connector.integration.test.tumblr.TumblrConnectoreIntegrationTest"/>
  <testcase name="NegativeTestTumblrGetFollowers" time="1.026" classname="org.wso2.carbon.connector.integration.test.tumblr.TumblrConnectoreIntegrationTest"/>
  <testcase name="NegativeTestTumblrEditTextPost" time="1.040" classname="org.wso2.carbon.connector.integration.test.tumblr.TumblrConnectoreIntegrationTest"/>
  <testcase name="NegativeTestTumblrCreateTextPost" time="1.109" classname="org.wso2.carbon.connector.integration.test.tumblr.TumblrConnectoreIntegrationTest"/>
  <testcase name="testTumblrGetFollowers" time="2.236" classname="org.wso2.carbon.connector.integration.test.tumblr.TumblrConnectoreIntegrationTest"/>
  <testcase name="testTumblrUnFollow" time="1.076" classname="org.wso2.carbon.connector.integration.test.tumblr.TumblrConnectoreIntegrationTest"/>
  <testcase name="NegativeTestTumblrGetAvatar" time="1.036" classname="org.wso2.carbon.connector.integration.test.tumblr.TumblrConnectoreIntegrationTest"/>
  <testcase name="testTumblrGetUserDashboard" time="3.054" classname="org.wso2.carbon.connector.integration.test.tumblr.TumblrConnectoreIntegrationTest"/>
  <testcase name="testTumblrGetBlogInfo" time="1.050" classname="org.wso2.carbon.connector.integration.test.tumblr.TumblrConnectoreIntegrationTest"/>
  <testcase name="testTumblrGetQueuedPosts" time="1.067" classname="org.wso2.carbon.connector.integration.test.tumblr.TumblrConnectoreIntegrationTest"/>
  <testcase name="testTumblrGetDraftedPosts" time="1.443" classname="org.wso2.carbon.connector.integration.test.tumblr.TumblrConnectoreIntegrationTest"/>
  <testcase name="testTumblrGetLikes" time="1.090" classname="org.wso2.carbon.connector.integration.test.tumblr.TumblrConnectoreIntegrationTest"/>
  <testcase name="testTumblrReblogTextPost" time="1.792" classname="org.wso2.carbon.connector.integration.test.tumblr.TumblrConnectoreIntegrationTest"/>
  <testcase name="testTumblrEditTextPost" time="1.269" classname="org.wso2.carbon.connector.integration.test.tumblr.TumblrConnectoreIntegrationTest"/>
  <testcase name="testTumblrGetBlogLikes" time="1.236" classname="org.wso2.carbon.connector.integration.test.tumblr.TumblrConnectoreIntegrationTest"/>
  <testcase name="testTumblrGetPosts" time="1.285" classname="org.wso2.carbon.connector.integration.test.tumblr.TumblrConnectoreIntegrationTest"/>
  <testcase name="testTumblrGetFollowing" time="1.144" classname="org.wso2.carbon.connector.integration.test.tumblr.TumblrConnectoreIntegrationTest"/>
  <testcase name="testTumblrGetAvatar" time="0.892" classname="org.wso2.carbon.connector.integration.test.tumblr.TumblrConnectoreIntegrationTest"/>
  <testcase name="testTumblrGetTaggedPosts" time="1.771" classname="org.wso2.carbon.connector.integration.test.tumblr.TumblrConnectoreIntegrationTest"/>
</testsuite>
